<?xml version="1.0" encoding="UTF-8"?>
<!-- Generated by org.testng.reporters.JUnitXMLReporter -->
<testsuite ignored="0" hostname="LAPTOP-P4P2FF7C" failures="2" tests="2" name="Test" time="39.898" errors="0" timestamp="2022-01-22T16:45:00 IST">
  <testcase classname="com.vtigerOrgTest.CreateOrgTest" name="CreateOrg" time="12.455">
    <failure type="java.lang.AssertionError" message="[ ACC48 ] Skillrary-801235237 - Organization Information expected [false] but found [true]">
      <![CDATA[java.lang.AssertionError: [ ACC48 ] Skillrary-801235237 - Organization Information expected [false] but found [true]
at com.vtigerOrgTest.CreateOrgTest.CreateOrg(CreateOrgTest.java:54)
at java.base/java.util.ArrayList.forEach(ArrayList.java:1511)
... Removed 32 stack frames]]>
    </failure>
  </testcase> <!-- CreateOrg -->
  <testcase classname="com.vtigerOrgTest.CreateOrgTest" name="CreateOrgwithindustry" time="13.897">
    <failure type="java.lang.AssertionError" message="expected [true] but found [false]">
      <![CDATA[java.lang.AssertionError: expected [true] but found [false]
at com.vtigerOrgTest.CreateOrgTest.CreateOrgwithindustry(CreateOrgTest.java:94)
at java.base/java.util.ArrayList.forEach(ArrayList.java:1511)
... Removed 31 stack frames]]>
    </failure>
  </testcase> <!-- CreateOrgwithindustry -->
</testsuite> <!-- Test -->
